<?xml version="1.0" ?>
<State openmmVersion="7.7" stepCount="0" time="0" type="State" version="1">
	<PeriodicBoxVectors>
		<A x="2" y="0" z="0"/>
		<B x="0" y="2" z="0"/>
		<C x="0" y="0" z="2"/>
	</PeriodicBoxVectors>
	<Parameters/>
	<Positions>
		<Position x="-.6498907208442688" y=".15645809471607208" z=".12188232690095901"/>
		<Position x="-.678814172744751" y=".028182951733469963" z=".19814491271972656"/>
		<Position x="-.6240657567977905" y=".003514730604365468" z=".30548906326293945"/>
		<Position x="-.7659579515457153" y="-.057006459683179855" z=".14439693093299866"/>
		<Position x="-.8081812858581543" y="-.03537668660283089" z=".058645099401474"/>
		<Position x="-.7989425659179688" y="-.1816479116678238" z=".21135330200195312"/>
		<Position x="-.9363986253738403" y="-.24200257658958435" z=".14781872928142548"/>
		<Position x="-.6867284774780273" y="-.2843489944934845" z=".2056984305381775"/>
		<Position x="-.6649737358093262" y="-.36095622181892395" z=".29944053292274475"/>
		<Position x="-.6125182509422302" y="-.2884710133075714" z=".09524692595005035"/>
		<Position x="-.6308375597000122" y="-.2262418270111084" z=".02178949862718582"/>
		<Position x="-.504536509513855" y="-.3846805989742279" z=".08294264227151871"/>
		<Position x="-.48419028520584106" y="-.42289164662361145" z="-.07421399652957916"/>
		<Position x="-.3743092715740204" y="-.33537551760673523" z=".14432205259799957"/>
		<Position x="-.3520072102546692" y="-.21551519632339478" z=".16065002977848053"/>
		<Position x="-.28495481610298157" y="-.42755424976348877" z=".17986297607421875"/>
		<Position x="-.3053734302520752" y="-.5224565863609314" z=".16641156375408173"/>
		<Position x="-.1575501412153244" y="-.38937535881996155" z=".23831139504909515"/>
		<Position x="-.050284456461668015" y="-.624891996383667" z=".43163806200027466"/>
		<Position x="-.060516539961099625" y="-.3325302004814148" z=".13576829433441162"/>
		<Position x=".02523958869278431" y="-.25009649991989136" z=".16704384982585907"/>
		<Position x="-.07218575477600098" y="-.3754737079143524" z=".010230024345219135"/>
		<Position x="-.14291712641716003" y="-.43933334946632385" z="-.012634020298719406"/>
		<Position x=".0185267124325037" y="-.3289232552051544" z="-.09327554702758789"/>
		<Position x=".004200144205242395" y="-.42490771412849426" z="-.22424808144569397"/>
		<Position x="-.0008207223145291209" y="-.18265332281589508" z="-.1308145374059677"/>
		<Position x=".09452079236507416" y="-.1119256392121315" z="-.16303734481334686"/>
		<Position x="-.1242256760597229" y="-.13307048380374908" z="-.12787339091300964"/>
		<Position x="-.19952435791492462" y="-.19011637568473816" z="-.10178753733634949"/>
		<Position x="-.14697019755840302" y=".005736152175813913" z="-.1632585972547531"/>
		<Position x="-.12044358998537064" y=".02584807574748993" z="-.32283303141593933"/>
		<Position x="-.2865889072418213" y=".05212504044175148" z="-.12493590265512466"/>
		<Position x="-.3811998665332794" y="-.0262456052005291" z="-.11887764930725098"/>
		<Position x="-.30263781547546387" y=".1814524531364441" z="-.09825222194194794"/>
		<Position x="-.22617855668067932" y=".2424692064523697" z="-.10418187081813812"/>
		<Position x="-.43308061361312866" y=".23230591416358948" z="-.06053825095295906"/>
		<Position x="-.48430630564689636" y=".15552707016468048" z=".07381660491228104"/>
		<Position x="-.43050605058670044" y=".38288044929504395" z="-.039733532816171646"/>
		<Position x="-.3484747111797333" y=".4542652666568756" z="-.09723106771707535"/>
		<Position x="-.5205051898956299" y=".4352389872074127" z=".04333720728754997"/>
		<Position x="-.5845295786857605" y=".3765791952610016" z=".08877070248126984"/>
		<Position x="-.5245371460914612" y=".5784422755241394" z=".06744120270013809"/>
		<Position x="-.6669471859931946" y=".617181658744812" z=".1366521269083023"/>
		<Position x="-.407844215631485" y=".6290276050567627" z=".15108244121074677"/>
		<Position x="-.35482120513916016" y=".7375955581665039" z=".12805809080600739"/>
		<Position x="-.36480504274368286" y=".5516002178192139" z=".2504419982433319"/>
		<Position x="-.4082450866699219" y=".4654712378978729" z=".2677212059497833"/>
		<Position x="-.2537100911140442" y=".5942485332489014" z=".3334713280200958"/>
		<Position x="-.3212416172027588" y=".5402041673660278" z=".6446787118911743"/>
		<Position x="-.12018485367298126" y=".5449097156524658" z=".27991095185279846"/>
		<Position x="-.10411305725574493" y=".4278140664100647" z=".24586936831474304"/>
		<Position x="-.020596379414200783" y=".6329547166824341" z=".2710483968257904"/>
		<Position x="-.03539079800248146" y=".7259925603866577" z=".2980564832687378"/>
		<Position x=".10994380712509155" y=".5921849608421326" z=".22203339636325836"/>
		<Position x=".1973499208688736" y=".7246843576431274" z=".18489539623260498"/>
		<Position x=".18443696200847626" y=".5035951137542725" z=".32087868452072144"/>
		<Position x=".25314536690711975" y=".4087580144405365" z=".2832540273666382"/>
		<Position x=".1722739040851593" y=".5327838063240051" z=".45030200481414795"/>
		<Position x=".11904076486825943" y=".6103422045707703" z=".477790504693985"/>
		<Position x=".2369099110364914" y=".45080050826072693" z=".551272451877594"/>
		<Position x=".24289508163928986" y=".5331724286079407" z=".6918054223060608"/>
		<Position x=".1680547446012497" y=".316362202167511" z=".5697852373123169"/>
		<Position x=".23176488280296326" y=".21416102349758148" z=".5947585105895996"/>
		<Position x=".03542244806885719" y=".3136039078235626" z=".557763934135437"/>
		<Position x="-.013417461887001991" y=".396430104970932" z=".5388162136077881"/>
		<Position x="-.037812475115060806" y=".1890425980091095" z=".5722154974937439"/>
		<Position x="-.19575002789497375" y=".22189505398273468" z=".5955877304077148"/>
		<Position x="-.018551575019955635" y=".0954250916838646" z=".4537949860095978"/>
		<Position x="-.013342560268938541" y="-.026582788676023483" z=".4684544801712036"/>
		<Position x="-.007517839781939983" y=".1506538838148117" z=".3331370949745178"/>
		<Position x="-.013232649303972721" y=".24799688160419464" z=".3233095109462738"/>
		<Position x=".012821554206311703" y=".06753731518983841" z=".21589937806129456"/>
		<Position x="-.046651389449834824" y=".1437671184539795" z=".08465801924467087"/>
		<Position x=".15919643640518188" y=".031064854934811592" z=".19615523517131805"/>
		<Position x=".24844850599765778" y=".1147032305598259" z=".20919346809387207"/>
		<Position x=".1877443790435791" y="-.09508246183395386" z=".16428443789482117"/>
		<Position x=".11518651992082596" y="-.16006210446357727" z=".15344996750354767"/>
		<Position x=".32547011971473694" y="-.1371721625328064" z=".1451539695262909"/>
		<Position x=".35137495398521423" y="-.4541662633419037" z=".20146475732326508"/>
		<Position x=".3874538540840149" y="-.08255697041749954" z=".01730107143521309"/>
		<Position x=".5048991441726685" y="-.04621019959449768" z=".013457568362355232"/>
		<Position x=".309919148683548" y="-.07530448585748672" z="-.09078382700681686"/>
		<Position x=".21679037809371948" y="-.1054297387599945" z="-.08589530736207962"/>
		<Position x=".36184167861938477" y="-.022933783009648323" z="-.21594108641147614"/>
		<Position x=".2631303071975708" y="-.06730730086565018" z="-.3378415107727051"/>
		<Position x=".3808686137199402" y=".12804767489433289" z="-.21345286071300507"/>
		<Position x=".4742456078529358" y=".18219149112701416" z="-.2724420130252838"/>
		<Position x=".29218050837516785" y=".1996884047985077" z="-.14472489058971405"/>
		<Position x=".21833419799804688" y=".1546994000673294" z="-.09860498458147049"/>
		<Position x=".3043593764305115" y=".34411168098449707" z="-.13755899667739868"/>
		<Position x=".15572458505630493" y=".41036200523376465" z="-.1281532645225525"/>
		<Position x=".3915213942527771" y=".38889947533607483" z="-.021204648539423943"/>
		<Position x=".3602355718612671" y=".36504510045051575" z=".09533651173114777"/>
		<Position x=".5032801628112793" y=".45512041449546814" z="-.04980216920375824"/>
		<Position x=".5270853638648987" y=".4734964668750763" z="-.14307673275470734"/>
		<Position x=".5925158262252808" y=".5014204978942871" z=".06016014888882637"/>
	</Positions>
	<Velocities>
		<Velocity x="0" y="0" z="0"/>
		<Velocity x="0" y="0" z="0"/>
		<Velocity x="0" y="0" z="0"/>
		<Velocity x="0" y="0" z="0"/>
		<Velocity x="0" y="0" z="0"/>
		<Velocity x="0" y="0" z="0"/>
		<Velocity x="0" y="0" z="0"/>
		<Velocity x="0" y="0" z="0"/>
		<Velocity x="0" y="0" z="0"/>
		<Velocity x="0" y="0" z="0"/>
		<Velocity x="0" y="0" z="0"/>
		<Velocity x="0" y="0" z="0"/>
		<Velocity x="0" y="0" z="0"/>
		<Velocity x="0" y="0" z="0"/>
		<Velocity x="0" y="0" z="0"/>
		<Velocity x="0" y="0" z="0"/>
		<Velocity x="0" y="0" z="0"/>
		<Velocity x="0" y="0" z="0"/>
		<Velocity x="0" y="0" z="0"/>
		<Velocity x="0" y="0" z="0"/>
		<Velocity x="0" y="0" z="0"/>
		<Velocity x="0" y="0" z="0"/>
		<Velocity x="0" y="0" z="0"/>
		<Velocity x="0" y="0" z="0"/>
		<Velocity x="0" y="0" z="0"/>
		<Velocity x="0" y="0" z="0"/>
		<Velocity x="0" y="0" z="0"/>
		<Velocity x="0" y="0" z="0"/>
		<Velocity x="0" y="0" z="0"/>
		<Velocity x="0" y="0" z="0"/>
		<Velocity x="0" y="0" z="0"/>
		<Velocity x="0" y="0" z="0"/>
		<Velocity x="0" y="0" z="0"/>
		<Velocity x="0" y="0" z="0"/>
		<Velocity x="0" y="0" z="0"/>
		<Velocity x="0" y="0" z="0"/>
		<Velocity x="0" y="0" z="0"/>
		<Velocity x="0" y="0" z="0"/>
		<Velocity x="0" y="0" z="0"/>
		<Velocity x="0" y="0" z="0"/>
		<Velocity x="0" y="0" z="0"/>
		<Velocity x="0" y="0" z="0"/>
		<Velocity x="0" y="0" z="0"/>
		<Velocity x="0" y="0" z="0"/>
		<Velocity x="0" y="0" z="0"/>
		<Velocity x="0" y="0" z="0"/>
		<Velocity x="0" y="0" z="0"/>
		<Velocity x="0" y="0" z="0"/>
		<Velocity x="0" y="0" z="0"/>
		<Velocity x="0" y="0" z="0"/>
		<Velocity x="0" y="0" z="0"/>
		<Velocity x="0" y="0" z="0"/>
		<Velocity x="0" y="0" z="0"/>
		<Velocity x="0" y="0" z="0"/>
		<Velocity x="0" y="0" z="0"/>
		<Velocity x="0" y="0" z="0"/>
		<Velocity x="0" y="0" z="0"/>
		<Velocity x="0" y="0" z="0"/>
		<Velocity x="0" y="0" z="0"/>
		<Velocity x="0" y="0" z="0"/>
		<Velocity x="0" y="0" z="0"/>
		<Velocity x="0" y="0" z="0"/>
		<Velocity x="0" y="0" z="0"/>
		<Velocity x="0" y="0" z="0"/>
		<Velocity x="0" y="0" z="0"/>
		<Velocity x="0" y="0" z="0"/>
		<Velocity x="0" y="0" z="0"/>
		<Velocity x="0" y="0" z="0"/>
		<Velocity x="0" y="0" z="0"/>
		<Velocity x="0" y="0" z="0"/>
		<Velocity x="0" y="0" z="0"/>
		<Velocity x="0" y="0" z="0"/>
		<Velocity x="0" y="0" z="0"/>
		<Velocity x="0" y="0" z="0"/>
		<Velocity x="0" y="0" z="0"/>
		<Velocity x="0" y="0" z="0"/>
		<Velocity x="0" y="0" z="0"/>
		<Velocity x="0" y="0" z="0"/>
		<Velocity x="0" y="0" z="0"/>
		<Velocity x="0" y="0" z="0"/>
		<Velocity x="0" y="0" z="0"/>
		<Velocity x="0" y="0" z="0"/>
		<Velocity x="0" y="0" z="0"/>
		<Velocity x="0" y="0" z="0"/>
		<Velocity x="0" y="0" z="0"/>
		<Velocity x="0" y="0" z="0"/>
		<Velocity x="0" y="0" z="0"/>
		<Velocity x="0" y="0" z="0"/>
		<Velocity x="0" y="0" z="0"/>
		<Velocity x="0" y="0" z="0"/>
		<Velocity x="0" y="0" z="0"/>
		<Velocity x="0" y="0" z="0"/>
		<Velocity x="0" y="0" z="0"/>
		<Velocity x="0" y="0" z="0"/>
		<Velocity x="0" y="0" z="0"/>
		<Velocity x="0" y="0" z="0"/>
	</Velocities>
	<IntegratorParameters/>
</State>
