<?xml version="1.0" ?>
<State openmmVersion="7.7" stepCount="0" time="0" type="State" version="1">
	<PeriodicBoxVectors>
		<A x="2" y="0" z="0"/>
		<B x="0" y="2" z="0"/>
		<C x="0" y="0" z="2"/>
	</PeriodicBoxVectors>
	<Parameters/>
	<Positions>
		<Position x="-.089711032807827" y="-1.4386683702468872" z=".028658224269747734"/>
		<Position x="-.002769108396023512" y="-1.3140463829040527" z=".02551349252462387"/>
		<Position x="-.04573637619614601" y="-1.2047590017318726" z=".06206132844090462"/>
		<Position x=".1222551017999649" y="-1.3273385763168335" z="-.018366999924182892"/>
		<Position x=".15453939139842987" y="-1.4154386520385742" z="-.046643003821372986"/>
		<Position x=".211317241191864" y="-1.2127336263656616" z="-.024492943659424782"/>
		<Position x=".3649490177631378" y="-1.2649468183517456" z="-.040107376873493195"/>
		<Position x=".1755174994468689" y="-1.1149073839187622" z="-.13550008833408356"/>
		<Position x=".18856200575828552" y="-.9934720993041992" z="-.12082009017467499"/>
		<Position x=".12949544191360474" y="-1.165718913078308" z="-.2497202455997467"/>
		<Position x=".12029407918453217" y="-1.2628101110458374" z="-.2593446969985962"/>
		<Position x=".09266965091228485" y="-1.0787873268127441" z="-.3601222634315491"/>
		<Position x=".08170682191848755" y="-1.1671174764633179" z="-.49668973684310913"/>
		<Position x="-.03596256300806999" y="-1.001425862312317" z="-.3349877893924713"/>
		<Position x="-.04928953945636749" y="-.8850722312927246" z="-.3725740909576416"/>
		<Position x="-.13419675827026367" y="-1.064306616783142" z="-.2706485688686371"/>
		<Position x="-.12189024686813354" y="-1.1571834087371826" z="-.24190065264701843"/>
		<Position x="-.25948867201805115" y="-.9963518977165222" z="-.2425813525915146"/>
		<Position x="-.4975680112838745" y="-1.2132673263549805" z="-.2177886813879013"/>
		<Position x="-.246673583984375" y="-.8917152285575867" z="-.1327989250421524"/>
		<Position x="-.3090718388557434" y="-.7858232855796814" z="-.13720041513442993"/>
		<Position x="-.16498234868049622" y="-.9193958640098572" z="-.03134484589099884"/>
		<Position x="-.1170826107263565" y="-1.004879355430603" z="-.029673052951693535"/>
		<Position x="-.14584694802761078" y="-.8244163990020752" z=".076851487159729"/>
		<Position x="-.0855458602309227" y="-.9022143483161926" z=".20679067075252533"/>
		<Position x="-.057130277156829834" y="-.7071187496185303" z=".037671033293008804"/>
		<Position x="-.07104968279600143" y="-.5959196090698242" z=".08836647123098373"/>
		<Position x=".03661014512181282" y="-.7295674681663513" z="-.05420879274606705"/>
		<Position x=".044137366116046906" y="-.8184173107147217" z="-.0948667898774147"/>
		<Position x=".12795718014240265" y="-.6241742968559265" z="-.0948869064450264"/>
		<Position x=".2532990872859955" y="-.6901756525039673" z="-.17553886771202087"/>
		<Position x=".06229366362094879" y="-.5141538977622986" z="-.1771155148744583"/>
		<Position x=".10063999146223068" y="-.39750537276268005" z="-.16997820138931274"/>
		<Position x="-.038399744778871536" y="-.5477237701416016" z="-.2575504779815674"/>
		<Position x="-.06851917505264282" y="-.6409003138542175" z="-.2613820433616638"/>
		<Position x="-.10392016172409058" y="-.4473797082901001" z="-.33971741795539856"/>
		<Position x="-.19483298063278198" y="-.5214849710464478" z="-.45293059945106506"/>
		<Position x="-.18717269599437714" y="-.3484574258327484" z="-.25933200120925903"/>
		<Position x="-.2457670271396637" y="-.25493723154067993" z="-.3136456608772278"/>
		<Position x="-.19471332430839539" y="-.3666660487651825" z="-.12757182121276855"/>
		<Position x="-.14798541367053986" y="-.4422121047973633" z="-.08617983758449554"/>
		<Position x="-.2711016833782196" y="-.27529531717300415" z="-.044355716556310654"/>
		<Position x="-.29809486865997314" y="-.3445529341697693" z=".10071618854999542"/>
		<Position x="-.2040129452943802" y="-.13959670066833496" z="-.028170425444841385"/>
		<Position x="-.2694084048271179" y="-.03546849265694618" z="-.02495686523616314"/>
		<Position x="-.07129181176424026" y="-.1376745104789734" z="-.01772688888013363"/>
		<Position x="-.020953506231307983" y="-.22172929346561432" z="-.019928762689232826"/>
		<Position x="-.00046763254795223475" y="-.011739551089704037" z="-.0038792011328041553"/>
		<Position x=".22719110548496246" y="-.03780504688620567" z=".22367428243160248"/>
		<Position x=".03975289687514305" y=".044222746044397354" z="-.139481782913208"/>
		<Position x=".15686950087547302" y=".07122348994016647" z="-.16561390459537506"/>
		<Position x="-.0564984492957592" y=".06307967752218246" z="-.22937707602977753"/>
		<Position x="-.14943887293338776" y=".041585322469472885" z="-.20692557096481323"/>
		<Position x="-.023679709061980247" y=".11486338078975677" z="-.3608189821243286"/>
		<Position x=".09228861331939697" y=".022111283615231514" z="-.428069144487381"/>
		<Position x="-.14640627801418304" y=".12237804383039474" z="-.4501681327819824"/>
		<Position x="-.17760123312473297" y=".22675135731697083" z="-.5072445273399353"/>
		<Position x="-.2196951061487198" y=".012136188335716724" z="-.46491262316703796"/>
		<Position x="-.19271795451641083" y="-.07059124857187271" z="-.41984012722969055"/>
		<Position x="-.3392307758331299" y=".01344771683216095" z="-.5475010871887207"/>
		<Position x="-.38464266061782837" y="-.13989196717739105" z="-.5791557431221008"/>
		<Position x="-.4534180164337158" y=".0922354981303215" z="-.4847872257232666"/>
		<Position x="-.5286312699317932" y=".1618470698595047" z="-.5528439283370972"/>
		<Position x="-.46877816319465637" y=".0831076055765152" z="-.35276907682418823"/>
		<Position x="-.4085061848163605" y=".025931432843208313" z="-.30078548192977905"/>
		<Position x="-.573712170124054" y=".1571843922138214" z="-.28498128056526184"/>
		<Position x="-.597024142742157" y=".09387816488742828" z="-.13659530878067017"/>
		<Position x="-.5444501638412476" y=".30627959966659546" z="-.2767666280269623"/>
		<Position x="-.634253740310669" y=".3899564743041992" z="-.2843172252178192"/>
		<Position x="-.41736340522766113" y=".3428483307361603" z="-.2608792185783386"/>
		<Position x="-.3477116823196411" y=".27423539757728577" z="-.25419795513153076"/>
		<Position x="-.38078102469444275" y=".48324573040008545" z="-.25365349650382996"/>
		<Position x="-.23098096251487732" y=".4968917667865753" z="-.1908208727836609"/>
		<Position x="-.3899063467979431" y=".5537269711494446" z="-.3882543444633484"/>
		<Position x="-.4240723252296448" y=".6715747714042664" z="-.3970014750957489"/>
		<Position x="-.35940107703208923" y=".48275992274284363" z="-.49679750204086304"/>
		<Position x="-.3324427604675293" y=".3890121579170227" z="-.4873597025871277"/>
		<Position x="-.36594152450561523" y=".5426797270774841" z="-.6289907693862915"/>
		<Position x="-.16428494453430176" y=".3878656327724457" z="-.8282085657119751"/>
		<Position x="-.5086857080459595" y=".5663456320762634" z="-.6762446761131287"/>
		<Position x="-.5383684635162354" y=".6642027497291565" z="-.7445812225341797"/>
		<Position x="-.6008462905883789" y=".47700169682502747" z="-.6409437656402588"/>
		<Position x="-.5754818320274353" y=".39941373467445374" z="-.586715042591095"/>
		<Position x="-.7390244007110596" y=".4941170811653137" z="-.6818810701370239"/>
		<Position x="-.8093402981758118" y=".3478050231933594" z="-.6966831684112549"/>
		<Position x="-.816914439201355" y=".5827808380126953" z="-.5858380198478699"/>
		<Position x="-.8318553566932678" y=".5518926978111267" z="-.467717707157135"/>
		<Position x="-.8686172962188721" y=".6955581307411194" z="-.634194016456604"/>
		<Position x="-.8565663695335388" y=".7179991602897644" z="-.728829026222229"/>
		<Position x="-.9429485201835632" y=".7853851318359375" z="-.5476843118667603"/>
		<Position x="-.9305819272994995" y=".9376051425933838" z="-.604710042476654"/>
		<Position x="-1.0886999368667603" y=".7446069717407227" z="-.5321919322013855"/>
		<Position x="-1.146478295326233" y=".6786683797836304" z="-.6184517741203308"/>
		<Position x="-1.1518545150756836" y=".7829287648200989" z="-.4216001033782959"/>
		<Position x="-1.104465126991272" y=".83527010679245" z="-.35363951325416565"/>
		<Position x="-1.2947118282318115" y=".7460353970527649" z="-.4009503126144409"/>
	</Positions>
	<Velocities>
		<Velocity x="0" y="0" z="0"/>
		<Velocity x="0" y="0" z="0"/>
		<Velocity x="0" y="0" z="0"/>
		<Velocity x="0" y="0" z="0"/>
		<Velocity x="0" y="0" z="0"/>
		<Velocity x="0" y="0" z="0"/>
		<Velocity x="0" y="0" z="0"/>
		<Velocity x="0" y="0" z="0"/>
		<Velocity x="0" y="0" z="0"/>
		<Velocity x="0" y="0" z="0"/>
		<Velocity x="0" y="0" z="0"/>
		<Velocity x="0" y="0" z="0"/>
		<Velocity x="0" y="0" z="0"/>
		<Velocity x="0" y="0" z="0"/>
		<Velocity x="0" y="0" z="0"/>
		<Velocity x="0" y="0" z="0"/>
		<Velocity x="0" y="0" z="0"/>
		<Velocity x="0" y="0" z="0"/>
		<Velocity x="0" y="0" z="0"/>
		<Velocity x="0" y="0" z="0"/>
		<Velocity x="0" y="0" z="0"/>
		<Velocity x="0" y="0" z="0"/>
		<Velocity x="0" y="0" z="0"/>
		<Velocity x="0" y="0" z="0"/>
		<Velocity x="0" y="0" z="0"/>
		<Velocity x="0" y="0" z="0"/>
		<Velocity x="0" y="0" z="0"/>
		<Velocity x="0" y="0" z="0"/>
		<Velocity x="0" y="0" z="0"/>
		<Velocity x="0" y="0" z="0"/>
		<Velocity x="0" y="0" z="0"/>
		<Velocity x="0" y="0" z="0"/>
		<Velocity x="0" y="0" z="0"/>
		<Velocity x="0" y="0" z="0"/>
		<Velocity x="0" y="0" z="0"/>
		<Velocity x="0" y="0" z="0"/>
		<Velocity x="0" y="0" z="0"/>
		<Velocity x="0" y="0" z="0"/>
		<Velocity x="0" y="0" z="0"/>
		<Velocity x="0" y="0" z="0"/>
		<Velocity x="0" y="0" z="0"/>
		<Velocity x="0" y="0" z="0"/>
		<Velocity x="0" y="0" z="0"/>
		<Velocity x="0" y="0" z="0"/>
		<Velocity x="0" y="0" z="0"/>
		<Velocity x="0" y="0" z="0"/>
		<Velocity x="0" y="0" z="0"/>
		<Velocity x="0" y="0" z="0"/>
		<Velocity x="0" y="0" z="0"/>
		<Velocity x="0" y="0" z="0"/>
		<Velocity x="0" y="0" z="0"/>
		<Velocity x="0" y="0" z="0"/>
		<Velocity x="0" y="0" z="0"/>
		<Velocity x="0" y="0" z="0"/>
		<Velocity x="0" y="0" z="0"/>
		<Velocity x="0" y="0" z="0"/>
		<Velocity x="0" y="0" z="0"/>
		<Velocity x="0" y="0" z="0"/>
		<Velocity x="0" y="0" z="0"/>
		<Velocity x="0" y="0" z="0"/>
		<Velocity x="0" y="0" z="0"/>
		<Velocity x="0" y="0" z="0"/>
		<Velocity x="0" y="0" z="0"/>
		<Velocity x="0" y="0" z="0"/>
		<Velocity x="0" y="0" z="0"/>
		<Velocity x="0" y="0" z="0"/>
		<Velocity x="0" y="0" z="0"/>
		<Velocity x="0" y="0" z="0"/>
		<Velocity x="0" y="0" z="0"/>
		<Velocity x="0" y="0" z="0"/>
		<Velocity x="0" y="0" z="0"/>
		<Velocity x="0" y="0" z="0"/>
		<Velocity x="0" y="0" z="0"/>
		<Velocity x="0" y="0" z="0"/>
		<Velocity x="0" y="0" z="0"/>
		<Velocity x="0" y="0" z="0"/>
		<Velocity x="0" y="0" z="0"/>
		<Velocity x="0" y="0" z="0"/>
		<Velocity x="0" y="0" z="0"/>
		<Velocity x="0" y="0" z="0"/>
		<Velocity x="0" y="0" z="0"/>
		<Velocity x="0" y="0" z="0"/>
		<Velocity x="0" y="0" z="0"/>
		<Velocity x="0" y="0" z="0"/>
		<Velocity x="0" y="0" z="0"/>
		<Velocity x="0" y="0" z="0"/>
		<Velocity x="0" y="0" z="0"/>
		<Velocity x="0" y="0" z="0"/>
		<Velocity x="0" y="0" z="0"/>
		<Velocity x="0" y="0" z="0"/>
		<Velocity x="0" y="0" z="0"/>
		<Velocity x="0" y="0" z="0"/>
		<Velocity x="0" y="0" z="0"/>
		<Velocity x="0" y="0" z="0"/>
		<Velocity x="0" y="0" z="0"/>
		<Velocity x="0" y="0" z="0"/>
	</Velocities>
	<IntegratorParameters/>
</State>
