<?xml version="1.0" ?>
<State openmmVersion="7.7" stepCount="0" time="0" type="State" version="1">
	<PeriodicBoxVectors>
		<A x="2" y="0" z="0"/>
		<B x="0" y="2" z="0"/>
		<C x="0" y="0" z="2"/>
	</PeriodicBoxVectors>
	<Parameters/>
	<Positions>
		<Position x="-.08720000088214874" y="-1.4017000198364258" z=".08320000022649765"/>
		<Position x="-.009499999694526196" y="-1.2764999866485596" z=".04360000044107437"/>
		<Position x="-.07689999788999557" y="-1.1750999689102173" z=".012900000438094139"/>
		<Position x=".12280000001192093" y="-1.2890000343322754" z=".03669999912381172"/>
		<Position x=".15780000388622284" y="-1.3803000450134277" z=".030300000682473183"/>
		<Position x=".2160000056028366" y="-1.1725000143051147" z=".025200000032782555"/>
		<Position x=".3643999993801117" y="-1.232100009918213" z=".04190000146627426"/>
		<Position x=".19529999792575836" y="-1.107100009918213" z="-.10840000212192535"/>
		<Position x=".1843000054359436" y="-.9837999939918518" z="-.11159999668598175"/>
		<Position x=".19779999554157257" y="-1.1864999532699585" z="-.21529999375343323"/>
		<Position x=".20190000534057617" y="-1.2829999923706055" z="-.19920000433921814"/>
		<Position x=".17219999432563782" y="-1.1269999742507935" z="-.3513000011444092"/>
		<Position x=".1915999948978424" y="-1.2348999977111816" z="-.47290000319480896"/>
		<Position x=".039799999445676804" y="-1.062000036239624" z="-.37529999017715454"/>
		<Position x=".04540000110864639" y="-.9526000022888184" z="-.43320000171661377"/>
		<Position x="-.07649999856948853" y="-1.111199975013733" z="-.3287000060081482"/>
		<Position x="-.06480000168085098" y="-1.1970000267028809" z="-.28290000557899475"/>
		<Position x="-.20469999313354492" y="-1.04830002784729" z="-.35109999775886536"/>
		<Position x="-.4269999861717224" y="-1.2874000072479248" z="-.38850000500679016"/>
		<Position x="-.24240000545978546" y="-.9379000067710876" z="-.25360000133514404"/>
		<Position x="-.3125" y="-.8461999893188477" z="-.29409998655319214"/>
		<Position x="-.1965000033378601" y="-.9452999830245972" z="-.13120000064373016"/>
		<Position x="-.15449999272823334" y="-1.0307999849319458" z="-.10830000042915344"/>
		<Position x="-.20819999277591705" y="-.8429999947547913" z="-.03240000084042549"/>
		<Position x="-.15770000219345093" y="-.8896999955177307" z=".11209999769926071"/>
		<Position x="-.13439999520778656" y="-.7178000211715698" z="-.07540000230073929"/>
		<Position x="-.19030000269412994" y="-.6080999970436096" z="-.061400000005960464"/>
		<Position x="-.019500000402331352" y="-.7332000136375427" z="-.13600000739097595"/>
		<Position x=".0215000007301569" y="-.8219000101089478" z="-.12890000641345978"/>
		<Position x=".05290000140666962" y="-.6171000003814697" z="-.19339999556541443"/>
		<Position x=".2093999981880188" y="-.6592000126838684" z="-.21449999511241913"/>
		<Position x="-.010499999858438969" y="-.5644000172615051" z="-.3230000138282776"/>
		<Position x=".010400000028312206" y="-.4442000091075897" z="-.352400004863739"/>
		<Position x="-.08349999785423279" y="-.647599995136261" z="-.40139999985694885"/>
		<Position x="-.052400000393390656" y="-.7404999732971191" z="-.4018000066280365"/>
		<Position x="-.17170000076293945" y="-.598800003528595" z="-.5123000144958496"/>
		<Position x="-.23309999704360962" y="-.7197999954223633" z="-.607200026512146"/>
		<Position x="-.2865000069141388" y="-.5077999830245972" z="-.4641999900341034"/>
		<Position x="-.31310001015663147" y="-.4065999984741211" z="-.5214999914169312"/>
		<Position x="-.3580999970436096" y="-.5511000156402588" z="-.35260000824928284"/>
		<Position x="-.3393999934196472" y="-.6428999900817871" z="-.3237999975681305"/>
		<Position x="-.4657000005245209" y="-.46799999475479126" z="-.29350000619888306"/>
		<Position x="-.5608999729156494" y="-.554099977016449" z="-.18770000338554382"/>
		<Position x="-.40709999203681946" y="-.3424000144004822" z="-.2303999960422516"/>
		<Position x="-.47600001096725464" y="-.23980000615119934" z="-.2222999930381775"/>
		<Position x="-.28110000491142273" y="-.3546999990940094" z="-.1826999932527542"/>
		<Position x="-.24220000207424164" y="-.44449999928474426" z="-.1776999980211258"/>
		<Position x="-.2071000039577484" y="-.23589999973773956" z="-.13760000467300415"/>
		<Position x=".017799999564886093" y="-.31119999289512634" z=".07180000096559525"/>
		<Position x="-.18459999561309814" y="-.133200004696846" z="-.2492000013589859"/>
		<Position x="-.20190000534057617" y="-.011300000362098217" z="-.23819999396800995"/>
		<Position x="-.13420000672340393" y="-.17560000717639923" z="-.3621000051498413"/>
		<Position x="-.11089999973773956" y="-.27079999446868896" z="-.36000001430511475"/>
		<Position x="-.10480000078678131" y="-.10100000351667404" z="-.4790000021457672"/>
		<Position x="-.01860000006854534" y="-.18610000610351562" z="-.5906999707221985"/>
		<Position x="-.2320999950170517" y="-.04430000111460686" z="-.5325999855995178"/>
		<Position x="-.23800000548362732" y=".0729999989271164" z="-.5698000192642212"/>
		<Position x="-.3409999907016754" y="-.12620000541210175" z="-.5317999720573425"/>
		<Position x="-.33640000224113464" y="-.22100000083446503" z="-.5072000026702881"/>
		<Position x="-.4749000072479248" y="-.07900000363588333" z="-.5608999729156494"/>
		<Position x="-.574999988079071" y="-.20559999346733093" z="-.574400007724762"/>
		<Position x="-.5299000144004822" y=".03060000017285347" z="-.4708999991416931"/>
		<Position x="-.571399986743927" y=".12939999997615814" z="-.5264000296592712"/>
		<Position x="-.5242999792098999" y=".02370000071823597" z="-.33820000290870667"/>
		<Position x="-.5019999742507935" y="-.060100000351667404" z="-.29260000586509705"/>
		<Position x="-.5648999810218811" y=".13860000669956207" z="-.2502000033855438"/>
		<Position x="-.5636000037193298" y=".08590000122785568" z="-.09260000288486481"/>
		<Position x="-.4860000014305115" y=".26460000872612" z="-.2757999897003174"/>
		<Position x="-.5388000011444092" y=".37529999017715454" z="-.2459000051021576"/>
		<Position x="-.357699990272522" y=".24699999392032623" z="-.31369999051094055"/>
		<Position x="-.32019999623298645" y=".15729999542236328" z="-.30160000920295715"/>
		<Position x="-.27090001106262207" y=".36820000410079956" z="-.3481000065803528"/>
		<Position x="-.11330000311136246" y=".3377000093460083" z="-.3427000045776367"/>
		<Position x="-.30630001425743103" y=".44909998774528503" z="-.46799999475479126"/>
		<Position x="-.3109999895095825" y=".5723000168800354" z="-.47350001335144043"/>
		<Position x="-.3269999921321869" y=".3736000061035156" z="-.5727999806404114"/>
		<Position x="-.29820001125335693" y=".28040000796318054" z="-.5630000233650208"/>
		<Position x="-.37400001287460327" y=".42100000381469727" z="-.703499972820282"/>
		<Position x="-.3287999927997589" y=".2354000061750412" z="-.9685999751091003"/>
		<Position x="-.5163000226020813" y=".48399999737739563" z="-.7021999955177307"/>
		<Position x="-.5446000099182129" y=".5726000070571899" z="-.7735999822616577"/>
		<Position x="-.5943999886512756" y=".42480000853538513" z="-.6108999848365784"/>
		<Position x="-.5701000094413757" y=".3490999937057495" z="-.5536999702453613"/>
		<Position x="-.7350000143051147" y=".46560001373291016" z="-.598800003528595"/>
		<Position x="-.8145999908447266" y=".337799996137619" z="-.5329999923706055"/>
		<Position x="-.7688999772071838" y=".5949000120162964" z="-.5322999954223633"/>
		<Position x="-.7092999815940857" y=".6299999952316284" z="-.427700012922287"/>
		<Position x="-.857699990272522" y=".6707000136375427" z="-.5843999981880188"/>
		<Position x="-.9010000228881836" y=".6420999765396118" z="-.6675999760627747"/>
		<Position x="-.8952999711036682" y=".7975999712944031" z="-.5248000025749207"/>
		<Position x="-.8676999807357788" y=".9225000143051147" z="-.6251000165939331"/>
		<Position x="-1.0406999588012695" y=".7875000238418579" z="-.4771000146865845"/>
		<Position x="-1.1289000511169434" y=".7121999859809875" z="-.5260999798774719"/>
		<Position x="-1.055999994277954" y=".862500011920929" z="-.3695000112056732"/>
		<Position x="-.9758999943733215" y=".897599995136261" z="-.325300008058548"/>
		<Position x="-1.18340003490448" y=".8949999809265137" z="-.29679998755455017"/>
	</Positions>
	<Velocities>
		<Velocity x="0" y="0" z="0"/>
		<Velocity x="0" y="0" z="0"/>
		<Velocity x="0" y="0" z="0"/>
		<Velocity x="0" y="0" z="0"/>
		<Velocity x="0" y="0" z="0"/>
		<Velocity x="0" y="0" z="0"/>
		<Velocity x="0" y="0" z="0"/>
		<Velocity x="0" y="0" z="0"/>
		<Velocity x="0" y="0" z="0"/>
		<Velocity x="0" y="0" z="0"/>
		<Velocity x="0" y="0" z="0"/>
		<Velocity x="0" y="0" z="0"/>
		<Velocity x="0" y="0" z="0"/>
		<Velocity x="0" y="0" z="0"/>
		<Velocity x="0" y="0" z="0"/>
		<Velocity x="0" y="0" z="0"/>
		<Velocity x="0" y="0" z="0"/>
		<Velocity x="0" y="0" z="0"/>
		<Velocity x="0" y="0" z="0"/>
		<Velocity x="0" y="0" z="0"/>
		<Velocity x="0" y="0" z="0"/>
		<Velocity x="0" y="0" z="0"/>
		<Velocity x="0" y="0" z="0"/>
		<Velocity x="0" y="0" z="0"/>
		<Velocity x="0" y="0" z="0"/>
		<Velocity x="0" y="0" z="0"/>
		<Velocity x="0" y="0" z="0"/>
		<Velocity x="0" y="0" z="0"/>
		<Velocity x="0" y="0" z="0"/>
		<Velocity x="0" y="0" z="0"/>
		<Velocity x="0" y="0" z="0"/>
		<Velocity x="0" y="0" z="0"/>
		<Velocity x="0" y="0" z="0"/>
		<Velocity x="0" y="0" z="0"/>
		<Velocity x="0" y="0" z="0"/>
		<Velocity x="0" y="0" z="0"/>
		<Velocity x="0" y="0" z="0"/>
		<Velocity x="0" y="0" z="0"/>
		<Velocity x="0" y="0" z="0"/>
		<Velocity x="0" y="0" z="0"/>
		<Velocity x="0" y="0" z="0"/>
		<Velocity x="0" y="0" z="0"/>
		<Velocity x="0" y="0" z="0"/>
		<Velocity x="0" y="0" z="0"/>
		<Velocity x="0" y="0" z="0"/>
		<Velocity x="0" y="0" z="0"/>
		<Velocity x="0" y="0" z="0"/>
		<Velocity x="0" y="0" z="0"/>
		<Velocity x="0" y="0" z="0"/>
		<Velocity x="0" y="0" z="0"/>
		<Velocity x="0" y="0" z="0"/>
		<Velocity x="0" y="0" z="0"/>
		<Velocity x="0" y="0" z="0"/>
		<Velocity x="0" y="0" z="0"/>
		<Velocity x="0" y="0" z="0"/>
		<Velocity x="0" y="0" z="0"/>
		<Velocity x="0" y="0" z="0"/>
		<Velocity x="0" y="0" z="0"/>
		<Velocity x="0" y="0" z="0"/>
		<Velocity x="0" y="0" z="0"/>
		<Velocity x="0" y="0" z="0"/>
		<Velocity x="0" y="0" z="0"/>
		<Velocity x="0" y="0" z="0"/>
		<Velocity x="0" y="0" z="0"/>
		<Velocity x="0" y="0" z="0"/>
		<Velocity x="0" y="0" z="0"/>
		<Velocity x="0" y="0" z="0"/>
		<Velocity x="0" y="0" z="0"/>
		<Velocity x="0" y="0" z="0"/>
		<Velocity x="0" y="0" z="0"/>
		<Velocity x="0" y="0" z="0"/>
		<Velocity x="0" y="0" z="0"/>
		<Velocity x="0" y="0" z="0"/>
		<Velocity x="0" y="0" z="0"/>
		<Velocity x="0" y="0" z="0"/>
		<Velocity x="0" y="0" z="0"/>
		<Velocity x="0" y="0" z="0"/>
		<Velocity x="0" y="0" z="0"/>
		<Velocity x="0" y="0" z="0"/>
		<Velocity x="0" y="0" z="0"/>
		<Velocity x="0" y="0" z="0"/>
		<Velocity x="0" y="0" z="0"/>
		<Velocity x="0" y="0" z="0"/>
		<Velocity x="0" y="0" z="0"/>
		<Velocity x="0" y="0" z="0"/>
		<Velocity x="0" y="0" z="0"/>
		<Velocity x="0" y="0" z="0"/>
		<Velocity x="0" y="0" z="0"/>
		<Velocity x="0" y="0" z="0"/>
		<Velocity x="0" y="0" z="0"/>
		<Velocity x="0" y="0" z="0"/>
		<Velocity x="0" y="0" z="0"/>
		<Velocity x="0" y="0" z="0"/>
		<Velocity x="0" y="0" z="0"/>
		<Velocity x="0" y="0" z="0"/>
		<Velocity x="0" y="0" z="0"/>
	</Velocities>
	<IntegratorParameters/>
</State>
