<?xml version="1.0" ?>
<State openmmVersion="7.7" stepCount="0" time="0" type="State" version="1">
	<PeriodicBoxVectors>
		<A x="2" y="0" z="0"/>
		<B x="0" y="2" z="0"/>
		<C x="0" y="0" z="2"/>
	</PeriodicBoxVectors>
	<Parameters/>
	<Positions>
		<Position x=".2849904000759125" y="-.6926293969154358" z=".3579723536968231"/>
		<Position x=".2964092493057251" y="-.6058450937271118" z=".2335711568593979"/>
		<Position x=".29959940910339355" y="-.4830567240715027" z=".24125608801841736"/>
		<Position x=".3025520145893097" y="-.6667866110801697" z=".11516337841749191"/>
		<Position x=".2988905608654022" y="-.7646217942237854" z=".11081882566213608"/>
		<Position x=".3127394914627075" y="-.5890357494354248" z="-.007157717831432819"/>
		<Position x=".35301607847213745" y="-.6877419948577881" z="-.1304101049900055"/>
		<Position x=".1843319982290268" y="-.5134220123291016" z="-.03724976256489754"/>
		<Position x=".185723215341568" y="-.3973935842514038" z="-.07801614701747894"/>
		<Position x=".06958312541246414" y="-.5781192779541016" z="-.01786229759454727"/>
		<Position x=".07052554935216904" y="-.6732854843139648" z=".005515082739293575"/>
		<Position x="-.05697770416736603" y="-.5085396766662598" z="-.03213784471154213"/>
		<Position x="-.1781974881887436" y="-.6171683669090271" z="-.04061770439147949"/>
		<Position x="-.07847732305526733" y="-.4119497537612915" z=".08331631869077682"/>
		<Position x="-.12189856916666031" y="-.29824358224868774" z=".06525739282369614"/>
		<Position x="-.048039164394140244" y="-.4561353623867035" z=".2053396850824356"/>
		<Position x="-.02199934795498848" y="-.5497527122497559" z=".21805661916732788"/>
		<Position x="-.053431276232004166" y="-.36612576246261597" z=".3190711736679077"/>
		<Position x="-.1056424006819725" y="-.5255115032196045" z=".5950018167495728"/>
		<Position x=".06310386210680008" y="-.26853111386299133" z=".3172491490840912"/>
		<Position x=".04684700071811676" y="-.14843323826789856" z=".3383384048938751"/>
		<Position x=".18399664759635925" y="-.31819477677345276" z=".29141244292259216"/>
		<Position x=".19610288739204407" y="-.41485223174095154" z=".2807280421257019"/>
		<Position x=".2979492247104645" y="-.22932061553001404" z=".27873495221138"/>
		<Position x=".435429185628891" y="-.31563079357147217" z=".2934066653251648"/>
		<Position x=".2944105565547943" y="-.1542327105998993" z=".14662575721740723"/>
		<Position x=".31344494223594666" y="-.032854024320840836" z=".14066438376903534"/>
		<Position x=".2691238522529602" y="-.2259960174560547" z=".03729519248008728"/>
		<Position x=".25876232981681824" y="-.323227196931839" z=".04380857199430466"/>
		<Position x=".25492891669273376" y="-.16053776443004608" z="-.09123102575540543"/>
		<Position x=".27997711300849915" y="-.2691410481929779" z="-.2101879119873047"/>
		<Position x=".11916329711675644" y="-.09359050542116165" z="-.10541102290153503"/>
		<Position x=".10857733339071274" y=".020195303484797478" z="-.1508997678756714"/>
		<Position x=".011220150627195835" y="-.1617276817560196" z="-.0674387663602829"/>
		<Position x=".020010197535157204" y="-.25356432795524597" z="-.03438171371817589"/>
		<Position x="-.11980518698692322" y="-.09976449608802795" z="-.07431960105895996"/>
		<Position x="-.23178277909755707" y="-.2141374796628952" z="-.10500059276819229"/>
		<Position x="-.15664662420749664" y="-.01987672597169876" z=".049775537103414536"/>
		<Position x="-.20312176644802094" y=".09373573958873749" z=".04169302061200142"/>
		<Position x="-.13679011166095734" y="-.0781230702996254" z=".1678662896156311"/>
		<Position x="-.0961233451962471" y="-.16719235479831696" z=".17197440564632416"/>
		<Position x="-.17219620943069458" y="-.009801458567380905" z=".2909010648727417"/>
		<Position x="-.20984531939029694" y="-.1201431080698967" z=".404861181974411"/>
		<Position x="-.06167742609977722" y=".08292847871780396" z=".3387903571128845"/>
		<Position x="-.08620480448007584" y=".18266621232032776" z=".40646257996559143"/>
		<Position x=".06313344836235046" y=".05180374160408974" z=".3046894371509552"/>
		<Position x=".080510213971138" y="-.027840981259942055" z=".25029483437538147"/>
		<Position x=".1731250286102295" y=".13606837391853333" z=".347695916891098"/>
		<Position x=".3812572956085205" y="-.03178088739514351" z=".5287457704544067"/>
		<Position x=".229701429605484" y=".21718527376651764" z=".23232682049274445"/>
		<Position x=".2061605453491211" y=".3373827040195465" z=".2210601419210434"/>
		<Position x=".3058404326438904" y=".15396885573863983" z=".143055722117424"/>
		<Position x=".3237292468547821" y=".05820876359939575" z=".1537325084209442"/>
		<Position x=".3614969253540039" y=".22608207166194916" z=".029858119785785675"/>
		<Position x=".47070980072021484" y=".13179859519004822" z="-.04599793255329132"/>
		<Position x=".2527838349342346" y=".27188223600387573" z="-.06605879962444305"/>
		<Position x=".25199657678604126" y=".3853425085544586" z="-.11341255903244019"/>
		<Position x=".15786133706569672" y=".18380329012870789" z="-.09679447114467621"/>
		<Position x=".16473695635795593" y=".09155027568340302" z="-.06445228308439255"/>
		<Position x=".043322816491127014" y=".2242535799741745" z="-.17623089253902435"/>
		<Position x="-.02698357217013836" y=".09233875572681427" z="-.2412090301513672"/>
		<Position x="-.055865924805402756" y=".30320408940315247" z="-.09225041419267654"/>
		<Position x="-.11354225128889084" y=".4022230803966522" z="-.13695590198040009"/>
		<Position x="-.07679729908704758" y=".26201656460762024" z=".03291959688067436"/>
		<Position x="-.03363606706261635" y=".1799328327178955" z=".06459564715623856"/>
		<Position x="-.16407008469104767" y=".3366504907608032" z=".12218822538852692"/>
		<Position x="-.1901417374610901" y=".24925348162651062" z=".2573091387748718"/>
		<Position x="-.1015305295586586" y=".47108137607574463" z=".1553318202495575"/>
		<Position x="-.16835063695907593" y=".573646605014801" z=".16693046689033508"/>
		<Position x=".030601980164647102" y=".4704902470111847" z=".17147500813007355"/>
		<Position x=".07831943035125732" y=".3849487006664276" z=".174588143825531"/>
		<Position x=".10471495240926743" y=".5946658849716187" z=".1825062781572342"/>
		<Position x=".25294700264930725" y=".5635020136833191" z=".24266129732131958"/>
		<Position x=".11310700327157974" y=".6586962938308716" z=".04475770890712738"/>
		<Position x=".10491188615560532" y=".7802615165710449" z=".027748549357056618"/>
		<Position x=".1297970861196518" y=".573858916759491" z="-.056697577238082886"/>
		<Position x=".14719298481941223" y=".47912362217903137" z="-.0386253297328949"/>
		<Position x=".12378034740686417" y=".6195312142372131" z="-.19428116083145142"/>
		<Position x=".30603498220443726" y=".4272249639034271" z="-.37908729910850525"/>
		<Position x="-.019078411161899567" y=".646901547908783" z="-.2394142895936966"/>
		<Position x="-.044954780489206314" y=".741808295249939" z="-.31311360001564026"/>
		<Position x="-.11600378900766373" y=".5659269690513611" z="-.1969967633485794"/>
		<Position x="-.09548399597406387" y=".4925706684589386" z="-.13533811271190643"/>
		<Position x="-.25262632966041565" y=".5888998508453369" z="-.24022889137268066"/>
		<Position x="-.2537088394165039" y=".6197929978370667" z="-.40026286244392395"/>
		<Position x="-.3482937514781952" y=".47546711564064026" z="-.20575861632823944"/>
		<Position x="-.44602301716804504" y=".49401214718818665" z="-.13332241773605347"/>
		<Position x="-.32295122742652893" y=".35443413257598877" z="-.2551969885826111"/>
		<Position x="-.24110952019691467" y=".33826595544815063" z="-.3066219389438629"/>
		<Position x="-.4151449203491211" y=".24498456716537476" z="-.23099146783351898"/>
		<Position x="-.5364248156547546" y=".25104233622550964" z="-.3397614359855652"/>
		<Position x="-.34324195981025696" y=".1113450899720192" z="-.23755887150764465"/>
		<Position x="-.3861035406589508" y=".01806947961449623" z="-.3053157329559326"/>
		<Position x="-.232101708650589" y=".09921177476644516" z="-.16531911492347717"/>
		<Position x="-.20253832638263702" y=".17334680259227753" z="-.10845077782869339"/>
		<Position x="-.15365324914455414" y="-.027485152706503868" z="-.1681412011384964"/>
	</Positions>
	<Velocities>
		<Velocity x="0" y="0" z="0"/>
		<Velocity x="0" y="0" z="0"/>
		<Velocity x="0" y="0" z="0"/>
		<Velocity x="0" y="0" z="0"/>
		<Velocity x="0" y="0" z="0"/>
		<Velocity x="0" y="0" z="0"/>
		<Velocity x="0" y="0" z="0"/>
		<Velocity x="0" y="0" z="0"/>
		<Velocity x="0" y="0" z="0"/>
		<Velocity x="0" y="0" z="0"/>
		<Velocity x="0" y="0" z="0"/>
		<Velocity x="0" y="0" z="0"/>
		<Velocity x="0" y="0" z="0"/>
		<Velocity x="0" y="0" z="0"/>
		<Velocity x="0" y="0" z="0"/>
		<Velocity x="0" y="0" z="0"/>
		<Velocity x="0" y="0" z="0"/>
		<Velocity x="0" y="0" z="0"/>
		<Velocity x="0" y="0" z="0"/>
		<Velocity x="0" y="0" z="0"/>
		<Velocity x="0" y="0" z="0"/>
		<Velocity x="0" y="0" z="0"/>
		<Velocity x="0" y="0" z="0"/>
		<Velocity x="0" y="0" z="0"/>
		<Velocity x="0" y="0" z="0"/>
		<Velocity x="0" y="0" z="0"/>
		<Velocity x="0" y="0" z="0"/>
		<Velocity x="0" y="0" z="0"/>
		<Velocity x="0" y="0" z="0"/>
		<Velocity x="0" y="0" z="0"/>
		<Velocity x="0" y="0" z="0"/>
		<Velocity x="0" y="0" z="0"/>
		<Velocity x="0" y="0" z="0"/>
		<Velocity x="0" y="0" z="0"/>
		<Velocity x="0" y="0" z="0"/>
		<Velocity x="0" y="0" z="0"/>
		<Velocity x="0" y="0" z="0"/>
		<Velocity x="0" y="0" z="0"/>
		<Velocity x="0" y="0" z="0"/>
		<Velocity x="0" y="0" z="0"/>
		<Velocity x="0" y="0" z="0"/>
		<Velocity x="0" y="0" z="0"/>
		<Velocity x="0" y="0" z="0"/>
		<Velocity x="0" y="0" z="0"/>
		<Velocity x="0" y="0" z="0"/>
		<Velocity x="0" y="0" z="0"/>
		<Velocity x="0" y="0" z="0"/>
		<Velocity x="0" y="0" z="0"/>
		<Velocity x="0" y="0" z="0"/>
		<Velocity x="0" y="0" z="0"/>
		<Velocity x="0" y="0" z="0"/>
		<Velocity x="0" y="0" z="0"/>
		<Velocity x="0" y="0" z="0"/>
		<Velocity x="0" y="0" z="0"/>
		<Velocity x="0" y="0" z="0"/>
		<Velocity x="0" y="0" z="0"/>
		<Velocity x="0" y="0" z="0"/>
		<Velocity x="0" y="0" z="0"/>
		<Velocity x="0" y="0" z="0"/>
		<Velocity x="0" y="0" z="0"/>
		<Velocity x="0" y="0" z="0"/>
		<Velocity x="0" y="0" z="0"/>
		<Velocity x="0" y="0" z="0"/>
		<Velocity x="0" y="0" z="0"/>
		<Velocity x="0" y="0" z="0"/>
		<Velocity x="0" y="0" z="0"/>
		<Velocity x="0" y="0" z="0"/>
		<Velocity x="0" y="0" z="0"/>
		<Velocity x="0" y="0" z="0"/>
		<Velocity x="0" y="0" z="0"/>
		<Velocity x="0" y="0" z="0"/>
		<Velocity x="0" y="0" z="0"/>
		<Velocity x="0" y="0" z="0"/>
		<Velocity x="0" y="0" z="0"/>
		<Velocity x="0" y="0" z="0"/>
		<Velocity x="0" y="0" z="0"/>
		<Velocity x="0" y="0" z="0"/>
		<Velocity x="0" y="0" z="0"/>
		<Velocity x="0" y="0" z="0"/>
		<Velocity x="0" y="0" z="0"/>
		<Velocity x="0" y="0" z="0"/>
		<Velocity x="0" y="0" z="0"/>
		<Velocity x="0" y="0" z="0"/>
		<Velocity x="0" y="0" z="0"/>
		<Velocity x="0" y="0" z="0"/>
		<Velocity x="0" y="0" z="0"/>
		<Velocity x="0" y="0" z="0"/>
		<Velocity x="0" y="0" z="0"/>
		<Velocity x="0" y="0" z="0"/>
		<Velocity x="0" y="0" z="0"/>
		<Velocity x="0" y="0" z="0"/>
		<Velocity x="0" y="0" z="0"/>
		<Velocity x="0" y="0" z="0"/>
		<Velocity x="0" y="0" z="0"/>
		<Velocity x="0" y="0" z="0"/>
		<Velocity x="0" y="0" z="0"/>
	</Velocities>
	<IntegratorParameters/>
</State>
