<?xml version="1.0" ?>
<State openmmVersion="7.7" stepCount="0" time="0" type="State" version="1">
	<PeriodicBoxVectors>
		<A x="2" y="0" z="0"/>
		<B x="0" y="2" z="0"/>
		<C x="0" y="0" z="2"/>
	</PeriodicBoxVectors>
	<Parameters/>
	<Positions>
		<Position x="-.06931789964437485" y="-1.4306118488311768" z=".048937153071165085"/>
		<Position x=".001903209718875587" y="-1.2965961694717407" z=".04050007835030556"/>
		<Position x="-.060260746628046036" y="-1.190497636795044" z=".04322441667318344"/>
		<Position x=".1346735656261444" y="-1.2980685234069824" z=".029979554936289787"/>
		<Position x=".18214786052703857" y="-1.3837746381759644" z=".027904203161597252"/>
		<Position x=".20982582867145538" y="-1.1740405559539795" z=".021367551758885384"/>
		<Position x=".3670543432235718" y="-1.2042248249053955" z=".052035149186849594"/>
		<Position x=".19306623935699463" y="-1.1032464504241943" z="-.11235149949789047"/>
		<Position x=".18870341777801514" y="-.980553388595581" z="-.11987857520580292"/>
		<Position x=".183246448636055" y="-1.1789065599441528" z="-.22156952321529388"/>
		<Position x=".18674133718013763" y="-1.2765146493911743" z="-.21354734897613525"/>
		<Position x=".1672358363866806" y="-1.1181141138076782" z="-.3525424599647522"/>
		<Position x=".19961881637573242" y="-1.2290078401565552" z="-.46755003929138184"/>
		<Position x=".02976112626492977" y="-1.0561938285827637" z="-.37385356426239014"/>
		<Position x=".01593499258160591" y="-.9496864676475525" z="-.43380722403526306"/>
		<Position x="-.07560105621814728" y="-1.121546983718872" z="-.32514259219169617"/>
		<Position x="-.06251966208219528" y="-1.206669807434082" z="-.2783765494823456"/>
		<Position x="-.20978042483329773" y="-1.0679214000701904" z="-.3403189480304718"/>
		<Position x="-.4239061176776886" y="-1.3096587657928467" z="-.34725087881088257"/>
		<Position x="-.2373964935541153" y="-.9512147903442383" z="-.24666771292686462"/>
		<Position x="-.3115462064743042" y="-.8586803078651428" z="-.2793489098548889"/>
		<Position x="-.17809700965881348" y="-.9528534412384033" z="-.1273549348115921"/>
		<Position x="-.12085698544979095" y="-1.028476595878601" z="-.10268159955739975"/>
		<Position x="-.19716356694698334" y="-.843684196472168" z="-.033386848866939545"/>
		<Position x="-.14403174817562103" y="-.8891991376876831" z=".11384210735559464"/>
		<Position x="-.12722618877887726" y="-.7168311476707458" z="-.0799441710114479"/>
		<Position x="-.17251700162887573" y="-.6050841212272644" z="-.05564930662512779"/>
		<Position x="-.014141801744699478" y="-.7325770258903503" z="-.14857332408428192"/>
		<Position x=".022281751036643982" y="-.8225722908973694" z="-.1619328260421753"/>
		<Position x=".055902473628520966" y="-.6181246042251587" z="-.20405037701129913"/>
		<Position x=".20751738548278809" y="-.6620237231254578" z="-.2447555512189865"/>
		<Position x="-.018242131918668747" y="-.5600462555885315" z="-.3236354887485504"/>
		<Position x="-.0118974344804883" y="-.4404830038547516" z="-.351797878742218"/>
		<Position x="-.09069012105464935" y="-.6446426510810852" z="-.39691346883773804"/>
		<Position x="-.09077925235033035" y="-.7400830984115601" z="-.3746602535247803"/>
		<Position x="-.16969284415245056" y="-.5973144769668579" z="-.5093317627906799"/>
		<Position x="-.21814049780368805" y="-.7246935367584229" z="-.5987666249275208"/>
		<Position x="-.2887127995491028" y="-.5143773555755615" z="-.46328648924827576"/>
		<Position x="-.32896357774734497" y="-.41761448979377747" z="-.5276753902435303"/>
		<Position x="-.34764307737350464" y="-.5513323545455933" z="-.3496195673942566"/>
		<Position x="-.31811848282814026" y="-.6329098343849182" z="-.3040386140346527"/>
		<Position x="-.45506563782691956" y="-.47216060757637024" z="-.29223912954330444"/>
		<Position x="-.5336467027664185" y="-.5606285929679871" z="-.18013030290603638"/>
		<Position x="-.40079277753829956" y="-.34328967332839966" z="-.23220866918563843"/>
		<Position x="-.46737241744995117" y="-.23991654813289642" z="-.22899222373962402"/>
		<Position x="-.276960551738739" y="-.3481065034866333" z="-.18308201432228088"/>
		<Position x="-.22842298448085785" y="-.4332427382469177" z="-.1825791448354721"/>
		<Position x="-.21268485486507416" y="-.22896552085876465" z="-.1304248869419098"/>
		<Position x=".01720404624938965" y="-.3111647367477417" z=".08107037842273712"/>
		<Position x="-.17644049227237701" y="-.13162806630134583" z="-.24164432287216187"/>
		<Position x="-.18159016966819763" y="-.009811588563024998" z="-.22541913390159607"/>
		<Position x="-.13869255781173706" y="-.1846526861190796" z="-.3579120635986328"/>
		<Position x="-.12960028648376465" y="-.2818870544433594" z="-.36609894037246704"/>
		<Position x="-.11096139252185822" y="-.10027948021888733" z="-.4728306233882904"/>
		<Position x="-.028089212253689766" y="-.18586398661136627" z="-.5840874910354614"/>
		<Position x="-.2395828813314438" y="-.04407474026083946" z="-.5316265225410461"/>
		<Position x="-.2431846410036087" y=".06554722040891647" z="-.587297260761261"/>
		<Position x="-.34856152534484863" y="-.11985135078430176" z="-.5197394490242004"/>
		<Position x="-.3417133092880249" y="-.20808331668376923" z="-.47763845324516296"/>
		<Position x="-.4774788022041321" y="-.07364712655544281" z="-.5680891871452332"/>
		<Position x="-.5802019238471985" y="-.19992037117481232" z="-.5767511129379272"/>
		<Position x="-.5351132154464722" y=".037768810987472534" z="-.4818721413612366"/>
		<Position x="-.6017066836357117" y=".12897451221942902" z="-.5306134819984436"/>
		<Position x="-.5106169581413269" y=".0328797809779644" z="-.35097062587738037"/>
		<Position x="-.46001136302948" y="-.04239974170923233" z="-.3138726055622101"/>
		<Position x="-.5579752922058105" y=".13798409700393677" z="-.26252955198287964"/>
		<Position x="-.5478557348251343" y=".08715920895338058" z="-.10797936469316483"/>
		<Position x="-.4810526967048645" y=".26780301332473755" z="-.28252753615379333"/>
		<Position x="-.5355494618415833" y=".3775261640548706" z="-.2715905010700226"/>
		<Position x="-.3516329824924469" y=".25758445262908936" z="-.3125564754009247"/>
		<Position x="-.3099358081817627" y=".1690453141927719" z="-.3176954388618469"/>
		<Position x="-.2714860141277313" y=".37604716420173645" z="-.33792394399642944"/>
		<Position x="-.11345135420560837" y=".33703023195266724" z="-.3293093144893646"/>
		<Position x="-.3044131398200989" y=".44099780917167664" z="-.47156524658203125"/>
		<Position x="-.3018859028816223" y=".5630601644515991" z="-.48651862144470215"/>
		<Position x="-.33620432019233704" y=".3596257269382477" z="-.5720728635787964"/>
		<Position x="-.33552372455596924" y=".2626538872718811" z="-.5579228401184082"/>
		<Position x="-.37205731868743896" y=".41264429688453674" z="-.7024185657501221"/>
		<Position x="-.289470374584198" y=".20231302082538605" z="-.9332284331321716"/>
		<Position x="-.5133505463600159" y=".46905744075775146" z="-.7045997381210327"/>
		<Position x="-.5466347932815552" y=".5564144849777222" z="-.7845409512519836"/>
		<Position x="-.6001105308532715" y=".4199513792991638" z="-.6161861419677734"/>
		<Position x="-.5708747506141663" y=".35125958919525146" z="-.5526948571205139"/>
		<Position x="-.7375216484069824" y=".4670310318470001" z="-.6125182509422302"/>
		<Position x="-.8249678611755371" y=".3699209988117218" z="-.5150716304779053"/>
		<Position x="-.7505655884742737" y=".6126399636268616" z="-.5701005458831787"/>
		<Position x="-.6514958739280701" y=".6831651329994202" z="-.5516617894172668"/>
		<Position x="-.8731406927108765" y=".6614915728569031" z="-.5535423755645752"/>
		<Position x="-.9512641429901123" y=".6038737297058105" z="-.5670106410980225"/>
		<Position x="-.8908624053001404" y=".8002637624740601" z="-.5155193209648132"/>
		<Position x="-.8471388220787048" y=".8963009119033813" z="-.6397619247436523"/>
		<Position x="-1.033539056777954" y=".8291083574295044" z="-.47181063890457153"/>
		<Position x="-1.1280618906021118" y=".8192440867424011" z="-.5498975515365601"/>
		<Position x="-1.052441120147705" y=".8656318783760071" z="-.3453144431114197"/>
		<Position x="-.9760053753852844" y=".8731147050857544" z="-.2844384014606476"/>
		<Position x="-1.1898623704910278" y=".8952815532684326" z="-.29604026675224304"/>
	</Positions>
	<Velocities>
		<Velocity x="0" y="0" z="0"/>
		<Velocity x="0" y="0" z="0"/>
		<Velocity x="0" y="0" z="0"/>
		<Velocity x="0" y="0" z="0"/>
		<Velocity x="0" y="0" z="0"/>
		<Velocity x="0" y="0" z="0"/>
		<Velocity x="0" y="0" z="0"/>
		<Velocity x="0" y="0" z="0"/>
		<Velocity x="0" y="0" z="0"/>
		<Velocity x="0" y="0" z="0"/>
		<Velocity x="0" y="0" z="0"/>
		<Velocity x="0" y="0" z="0"/>
		<Velocity x="0" y="0" z="0"/>
		<Velocity x="0" y="0" z="0"/>
		<Velocity x="0" y="0" z="0"/>
		<Velocity x="0" y="0" z="0"/>
		<Velocity x="0" y="0" z="0"/>
		<Velocity x="0" y="0" z="0"/>
		<Velocity x="0" y="0" z="0"/>
		<Velocity x="0" y="0" z="0"/>
		<Velocity x="0" y="0" z="0"/>
		<Velocity x="0" y="0" z="0"/>
		<Velocity x="0" y="0" z="0"/>
		<Velocity x="0" y="0" z="0"/>
		<Velocity x="0" y="0" z="0"/>
		<Velocity x="0" y="0" z="0"/>
		<Velocity x="0" y="0" z="0"/>
		<Velocity x="0" y="0" z="0"/>
		<Velocity x="0" y="0" z="0"/>
		<Velocity x="0" y="0" z="0"/>
		<Velocity x="0" y="0" z="0"/>
		<Velocity x="0" y="0" z="0"/>
		<Velocity x="0" y="0" z="0"/>
		<Velocity x="0" y="0" z="0"/>
		<Velocity x="0" y="0" z="0"/>
		<Velocity x="0" y="0" z="0"/>
		<Velocity x="0" y="0" z="0"/>
		<Velocity x="0" y="0" z="0"/>
		<Velocity x="0" y="0" z="0"/>
		<Velocity x="0" y="0" z="0"/>
		<Velocity x="0" y="0" z="0"/>
		<Velocity x="0" y="0" z="0"/>
		<Velocity x="0" y="0" z="0"/>
		<Velocity x="0" y="0" z="0"/>
		<Velocity x="0" y="0" z="0"/>
		<Velocity x="0" y="0" z="0"/>
		<Velocity x="0" y="0" z="0"/>
		<Velocity x="0" y="0" z="0"/>
		<Velocity x="0" y="0" z="0"/>
		<Velocity x="0" y="0" z="0"/>
		<Velocity x="0" y="0" z="0"/>
		<Velocity x="0" y="0" z="0"/>
		<Velocity x="0" y="0" z="0"/>
		<Velocity x="0" y="0" z="0"/>
		<Velocity x="0" y="0" z="0"/>
		<Velocity x="0" y="0" z="0"/>
		<Velocity x="0" y="0" z="0"/>
		<Velocity x="0" y="0" z="0"/>
		<Velocity x="0" y="0" z="0"/>
		<Velocity x="0" y="0" z="0"/>
		<Velocity x="0" y="0" z="0"/>
		<Velocity x="0" y="0" z="0"/>
		<Velocity x="0" y="0" z="0"/>
		<Velocity x="0" y="0" z="0"/>
		<Velocity x="0" y="0" z="0"/>
		<Velocity x="0" y="0" z="0"/>
		<Velocity x="0" y="0" z="0"/>
		<Velocity x="0" y="0" z="0"/>
		<Velocity x="0" y="0" z="0"/>
		<Velocity x="0" y="0" z="0"/>
		<Velocity x="0" y="0" z="0"/>
		<Velocity x="0" y="0" z="0"/>
		<Velocity x="0" y="0" z="0"/>
		<Velocity x="0" y="0" z="0"/>
		<Velocity x="0" y="0" z="0"/>
		<Velocity x="0" y="0" z="0"/>
		<Velocity x="0" y="0" z="0"/>
		<Velocity x="0" y="0" z="0"/>
		<Velocity x="0" y="0" z="0"/>
		<Velocity x="0" y="0" z="0"/>
		<Velocity x="0" y="0" z="0"/>
		<Velocity x="0" y="0" z="0"/>
		<Velocity x="0" y="0" z="0"/>
		<Velocity x="0" y="0" z="0"/>
		<Velocity x="0" y="0" z="0"/>
		<Velocity x="0" y="0" z="0"/>
		<Velocity x="0" y="0" z="0"/>
		<Velocity x="0" y="0" z="0"/>
		<Velocity x="0" y="0" z="0"/>
		<Velocity x="0" y="0" z="0"/>
		<Velocity x="0" y="0" z="0"/>
		<Velocity x="0" y="0" z="0"/>
		<Velocity x="0" y="0" z="0"/>
		<Velocity x="0" y="0" z="0"/>
		<Velocity x="0" y="0" z="0"/>
		<Velocity x="0" y="0" z="0"/>
	</Velocities>
	<IntegratorParameters/>
</State>
